This is pdfTeX, Version 3.1415926-2.4-1.40.13 (MiKTeX 2.9 64-bit) (preloaded format=pdflatex 2013.1.11)  30 MAY 2013 19:12
entering extended mode
**SemProjReport.tex

("C:\Users\Maelle\Documents\Epfl cours\Semestre 6\zSemesterProject\auditory-things\finalThings\report\SemProjReport\SemP
rojReport.tex"
LaTeX2e <2011/06/27>
Babel <v3.8m> and hyphenation patterns for english, afrikaans, ancientgreek, arabic, armenian, assamese, basque, bengali
, bokmal, bulgarian, catalan, coptic, croatian, czech, danish, dutch, esperanto, estonian, farsi, finnish, french, galic
ian, german, german-x-2012-05-30, greek, gujarati, hindi, hungarian, icelandic, indonesian, interlingua, irish, italian,
 kannada, kurmanji, latin, latvian, lithuanian, malayalam, marathi, mongolian, mongolianlmc, monogreek, ngerman, ngerman
-x-2012-05-30, nynorsk, oriya, panjabi, pinyin, polish, portuguese, romanian, russian, sanskrit, serbian, slovak, sloven
ian, spanish, swedish, swissgerman, tamil, telugu, turkish, turkmen, ukenglish, ukrainian, uppersorbian, usenglishmax, w
elsh, loaded.

("C:\Users\Maelle\Documents\Epfl cours\Semestre 6\zSemesterProject\auditory-things\finalThings\report\SemProjReport\sigp
lanconf.cls"
Document Class: sigplanconf 2009/09/30 v2.3 ACM SIGPLAN Proceedings
\@numheaddepth=\count79
("C:\Program Files\MiKTeX 2.9\tex\latex\base\article.cls"
Document Class: article 2007/10/19 v1.4h Standard LaTeX document class
("C:\Program Files\MiKTeX 2.9\tex\latex\base\size11.clo"
File: size11.clo 2007/10/19 v1.4h Standard LaTeX file (size option)
)
\c@part=\count80
\c@section=\count81
\c@subsection=\count82
\c@subsubsection=\count83
\c@paragraph=\count84
\c@subparagraph=\count85
\c@figure=\count86
\c@table=\count87
\abovecaptionskip=\skip41
\belowcaptionskip=\skip42
\bibindent=\dimen102
)
\standardtextwidth=\dimen103
\standardvspace=\skip43

Using natbib package with 'authoryear' citation style.
("C:\Program Files\MiKTeX 2.9\tex\latex\natbib\natbib.sty"
Package: natbib 2010/09/13 8.31b (PWD, AO)
\bibhang=\skip44
\bibsep=\skip45
LaTeX Info: Redefining \cite on input line 694.
\c@NAT@ctr=\count88
)
\@sectionaboveskip=\skip46
\@sectionbelowskip=\skip47
\@subsectionaboveskip=\skip48
\@subsectionbelowskip=\skip49
\@paragraphaboveskip=\skip50
\@authorcount=\count89
\@titlenotecount=\count90
\@titlenotetext=\toks14
\@fnmark=\toks15
\@authori=\count91
\@measbox=\box26
)
("C:\Program Files\MiKTeX 2.9\tex\latex\graphics\graphicx.sty"
Package: graphicx 1999/02/16 v1.0f Enhanced LaTeX Graphics (DPC,SPQR)

("C:\Program Files\MiKTeX 2.9\tex\latex\graphics\keyval.sty"
Package: keyval 1999/03/16 v1.13 key=value parser (DPC)
\KV@toks@=\toks16
)
("C:\Program Files\MiKTeX 2.9\tex\latex\graphics\graphics.sty"
Package: graphics 2009/02/05 v1.0o Standard LaTeX Graphics (DPC,SPQR)
 ("C:\Program Files\MiKTeX 2.9\tex\latex\graphics\trig.sty"
Package: trig 1999/03/16 v1.09 sin cos tan (DPC)
) ("C:\Program Files\MiKTeX 2.9\tex\latex\00miktex\graphics.cfg"
File: graphics.cfg 2007/01/18 v1.5 graphics configuration of teTeX/TeXLive
)
Package graphics Info: Driver file: pdftex.def on input line 91.

("C:\Program Files\MiKTeX 2.9\tex\latex\pdftex-def\pdftex.def"
File: pdftex.def 2011/05/27 v0.06d Graphics/color for pdfTeX

("C:\Program Files\MiKTeX 2.9\tex\generic\oberdiek\infwarerr.sty"
Package: infwarerr 2010/04/08 v1.3 Providing info/warning/error messages (HO)
)
("C:\Program Files\MiKTeX 2.9\tex\generic\oberdiek\ltxcmds.sty"
Package: ltxcmds 2011/11/09 v1.22 LaTeX kernel commands for general use (HO)
)
\Gread@gobject=\count92
))
\Gin@req@height=\dimen104
\Gin@req@width=\dimen105
)
("C:\Users\Maelle\Documents\Epfl cours\Semestre 6\zSemesterProject\auditory-things\finalThings\report\SemProjReport\SemP
rojReport.aux")
LaTeX Font Info:    Checking defaults for OML/cmm/m/it on input line 11.
LaTeX Font Info:    ... okay on input line 11.
LaTeX Font Info:    Checking defaults for T1/cmr/m/n on input line 11.
LaTeX Font Info:    ... okay on input line 11.
LaTeX Font Info:    Checking defaults for OT1/cmr/m/n on input line 11.
LaTeX Font Info:    ... okay on input line 11.
LaTeX Font Info:    Checking defaults for OMS/cmsy/m/n on input line 11.
LaTeX Font Info:    ... okay on input line 11.
LaTeX Font Info:    Checking defaults for OMX/cmex/m/n on input line 11.
LaTeX Font Info:    ... okay on input line 11.
LaTeX Font Info:    Checking defaults for U/cmr/m/n on input line 11.
LaTeX Font Info:    ... okay on input line 11.
LaTeX Font Info:    Try loading font information for OT1+ptm on input line 11.
 ("C:\Program Files\MiKTeX 2.9\tex\latex\psnfss\ot1ptm.fd"
File: ot1ptm.fd 2001/06/04 font definitions for OT1/ptm.
)
("C:\Program Files\MiKTeX 2.9\tex\context\base\supp-pdf.mkii"
[Loading MPS to PDF converter (version 2006.09.02).]
\scratchcounter=\count93
\scratchdimen=\dimen106
\scratchbox=\box27
\nofMPsegments=\count94
\nofMParguments=\count95
\everyMPshowfont=\toks17
\MPscratchCnt=\count96
\MPscratchDim=\dimen107
\MPnumerator=\count97
\makeMPintoPDFobject=\count98
\everyMPtoPDFconversion=\toks18
)
LaTeX Font Info:    Font shape `OT1/ptm/bx/n' in size <17.28> not available
(Font)              Font shape `OT1/ptm/b/n' tried instead on input line 21.
LaTeX Font Info:    Font shape `OT1/ptm/bx/n' in size <12> not available
(Font)              Font shape `OT1/ptm/b/n' tried instead on input line 23.

("C:\Users\Maelle\Documents\Epfl cours\Semestre 6\zSemesterProject\auditory-things\finalThings\report\SemProjReport\intr
oduction.tex")
("C:\Users\Maelle\Documents\Epfl cours\Semestre 6\zSemesterProject\auditory-things\finalThings\report\SemProjReport\audi
tsys.tex" <images/ear-aud52-level.jpg, id=1, 314.73586pt x 251.86095pt>
Underfull \vbox (badness 10000) has occurred while \output is active []

File: images/ear-aud52-level.jpg Graphic file (type jpg)
 <use images/ear-aud52-level.jpg>
Package pdftex.def Info: images/ear-aud52-level.jpg used on input line 19.
(pdftex.def)             Requested size: 201.59692pt x 161.3211pt.

Underfull \vbox (badness 10000) has occurred while \output is active []

 [1{C:/ProgramData/MiKTeX/2.9/pdftex/config/pdftex.map}


 <C:/Users/Maelle/Documents/Epfl cours/Semestre 6/zSemesterProject/auditory-things/finalThings/report/SemProjReport/imag
es/ear-aud52-level.jpg>] <images/corti-aud65-level.jpg, id=10, 380.1402pt x 177.42285pt>
File: images/corti-aud65-level.jpg Graphic file (type jpg)

<use images/corti-aud65-level.jpg>
Package pdftex.def Info: images/corti-aud65-level.jpg used on input line 46.
(pdftex.def)             Requested size: 201.59692pt x 94.09322pt.
 <images/hctransd-aud66-level.jpg, id=11, 325.215pt x 203.44005pt>
File: images/hctransd-aud66-level.jpg Graphic file (type jpg)

<use images/hctransd-aud66-level.jpg>
Package pdftex.def Info: images/hctransd-aud66-level.jpg used on input line 62.
(pdftex.def)             Requested size: 201.59692pt x 126.11288pt.
)
("C:\Users\Maelle\Documents\Epfl cours\Semestre 6\zSemesterProject\auditory-things\finalThings\report\SemProjReport\mode
l.tex")
("C:\Users\Maelle\Documents\Epfl cours\Semestre 6\zSemesterProject\auditory-things\finalThings\report\SemProjReport\resu
lts.tex")
("C:\Users\Maelle\Documents\Epfl cours\Semestre 6\zSemesterProject\auditory-things\finalThings\report\SemProjReport\conc
lusion.tex")
("C:\Users\Maelle\Documents\Epfl cours\Semestre 6\zSemesterProject\auditory-things\finalThings\report\SemProjReport\SemP
rojReport.bbl"
Missing character: There is no – in font ptmr7t!
) [2 <C:/Users/Maelle/Documents/Epfl cours/Semestre 6/zSemesterProject/auditory-things/finalThings/report/SemProjReport/
images/corti-aud65-level.jpg> <C:/Users/Maelle/Documents/Epfl cours/Semestre 6/zSemesterProject/auditory-things/finalThi
ngs/report/SemProjReport/images/hctransd-aud66-level.jpg>]
("C:\Users\Maelle\Documents\Epfl cours\Semestre 6\zSemesterProject\auditory-things\finalThings\report\SemProjReport\SemP
rojReport.aux") ) 
Here is how much of TeX's memory you used:
 1719 strings out of 493921
 24222 string characters out of 3147279
 78120 words of memory out of 3000000
 5019 multiletter control sequences out of 15000+200000
 19297 words of font info for 35 fonts, out of 3000000 for 9000
 841 hyphenation exceptions out of 8191
 31i,5n,34p,462b,211s stack positions out of 5000i,500n,10000p,200000b,50000s
{C:/Program Files/MiKTeX 2.9/fonts/enc/dvips/fontname/8r.enc}<C:/Program Files/MiKTeX 2.9/fonts/type1/p
ublic/amsfonts/cm/cmss10.pfb><C:/Program Files/MiKTeX 2.9/fonts/type1/urw/times/utmb8a.pfb><C:/Program Files/MiKTeX 2.9/
fonts/type1/urw/times/utmr8a.pfb><C:/Program Files/MiKTeX 2.9/fonts/type1/urw/times/utmri8a.pfb>
Output written on SemProjReport.pdf (2 pages, 397215 bytes).
PDF statistics:
 29 PDF objects out of 1000 (max. 8388607)
 0 named destinations out of 1000 (max. 500000)
 16 words of extra memory for PDF output out of 10000 (max. 10000000)

